2018-12-06 11:41:17 Error: [Cake\Routing\Exception\MissingControllerException] Controller class Signup could not be found.
Exception Attributes: array (
  'class' => 'Signup',
  'plugin' => false,
  'prefix' => false,
  '_ext' => false,
)
Request URL: /signup
Stack Trace:
#0 C:\xampp\htdocs\HotelRes\vendor\cakephp\cakephp\src\Http\ControllerFactory.php(39): Cake\Http\ControllerFactory->missingController(Object(Cake\Http\ServerRequest))
#1 C:\xampp\htdocs\HotelRes\vendor\cakephp\cakephp\src\Http\ActionDispatcher.php(91): Cake\Http\ControllerFactory->create(Object(Cake\Http\ServerRequest), Object(Cake\Http\Response))
#2 C:\xampp\htdocs\HotelRes\vendor\cakephp\cakephp\src\Http\BaseApplication.php(235): Cake\Http\ActionDispatcher->dispatch(Object(Cake\Http\ServerRequest), Object(Cake\Http\Response))
#3 C:\xampp\htdocs\HotelRes\vendor\cakephp\cakephp\src\Http\Runner.php(65): Cake\Http\BaseApplication->__invoke(Object(Cake\Http\ServerRequest), Object(Cake\Http\Response), Object(Cake\Http\Runner))
#4 C:\xampp\htdocs\HotelRes\vendor\cakephp\cakephp\src\Http\Middleware\CsrfProtectionMiddleware.php(107): Cake\Http\Runner->__invoke(Object(Cake\Http\ServerRequest), Object(Cake\Http\Response))
#5 C:\xampp\htdocs\HotelRes\vendor\cakephp\cakephp\src\Http\Runner.php(65): Cake\Http\Middleware\CsrfProtectionMiddleware->__invoke(Object(Cake\Http\ServerRequest), Object(Cake\Http\Response), Object(Cake\Http\Runner))
#6 C:\xampp\htdocs\HotelRes\vendor\cakephp\cakephp\src\Routing\Middleware\RoutingMiddleware.php(156): Cake\Http\Runner->__invoke(Object(Cake\Http\ServerRequest), Object(Cake\Http\Response))
#7 C:\xampp\htdocs\HotelRes\vendor\cakephp\cakephp\src\Http\Runner.php(65): Cake\Routing\Middleware\RoutingMiddleware->__invoke(Object(Cake\Http\ServerRequest), Object(Cake\Http\Response), Object(Cake\Http\Runner))
#8 C:\xampp\htdocs\HotelRes\vendor\cakephp\cakephp\src\Routing\Middleware\AssetMiddleware.php(88): Cake\Http\Runner->__invoke(Object(Cake\Http\ServerRequest), Object(Cake\Http\Response))
#9 C:\xampp\htdocs\HotelRes\vendor\cakephp\cakephp\src\Http\Runner.php(65): Cake\Routing\Middleware\AssetMiddleware->__invoke(Object(Cake\Http\ServerRequest), Object(Cake\Http\Response), Object(Cake\Http\Runner))
#10 C:\xampp\htdocs\HotelRes\vendor\cakephp\cakephp\src\Error\Middleware\ErrorHandlerMiddleware.php(98): Cake\Http\Runner->__invoke(Object(Cake\Http\ServerRequest), Object(Cake\Http\Response))
#11 C:\xampp\htdocs\HotelRes\vendor\cakephp\cakephp\src\Http\Runner.php(65): Cake\Error\Middleware\ErrorHandlerMiddleware->__invoke(Object(Cake\Http\ServerRequest), Object(Cake\Http\Response), Object(Cake\Http\Runner))
#12 C:\xampp\htdocs\HotelRes\vendor\cakephp\debug_kit\src\Middleware\DebugKitMiddleware.php(53): Cake\Http\Runner->__invoke(Object(Cake\Http\ServerRequest), Object(Cake\Http\Response))
#13 C:\xampp\htdocs\HotelRes\vendor\cakephp\cakephp\src\Http\Runner.php(65): DebugKit\Middleware\DebugKitMiddleware->__invoke(Object(Cake\Http\ServerRequest), Object(Cake\Http\Response), Object(Cake\Http\Runner))
#14 C:\xampp\htdocs\HotelRes\vendor\cakephp\cakephp\src\Http\Runner.php(51): Cake\Http\Runner->__invoke(Object(Cake\Http\ServerRequest), Object(Cake\Http\Response))
#15 C:\xampp\htdocs\HotelRes\vendor\cakephp\cakephp\src\Http\Server.php(98): Cake\Http\Runner->run(Object(Cake\Http\MiddlewareQueue), Object(Cake\Http\ServerRequest), Object(Cake\Http\Response))
#16 C:\xampp\htdocs\HotelRes\webroot\index.php(40): Cake\Http\Server->run()
#17 {main}


2018-12-06 12:06:37 Error: Fatal Error (4): syntax error, unexpected '}' in [C:\xampp\htdocs\HotelRes\src\Controller\AppController.php, line 80]
Request URL: /users
Trace:
Cake\Error\BaseErrorHandler::handleFatalError() - CORE\src\Error\BaseErrorHandler.php, line 229
Cake\Error\BaseErrorHandler::Cake\Error\{closure}() - CORE\src\Error\BaseErrorHandler.php, line 110
[main] - [internal], line ??



2018-12-06 12:16:57 Error: Fatal Error (4): syntax error, unexpected ';', expecting ']' in [C:\xampp\htdocs\HotelRes\src\Model\Entity\User.php, line 32]
Request URL: /users/view/25
Referer URL: http://localhost/HotelRes/users
Trace:
Cake\Error\BaseErrorHandler::handleFatalError() - CORE\src\Error\BaseErrorHandler.php, line 229
Cake\Error\BaseErrorHandler::Cake\Error\{closure}() - CORE\src\Error\BaseErrorHandler.php, line 110
[main] - [internal], line ??



2018-12-06 12:16:57 Error: [Cake\Error\FatalErrorException] syntax error, unexpected ';', expecting ']' in C:\xampp\htdocs\HotelRes\src\Model\Entity\User.php on line 32
Request URL: /users/view/25
Referer URL: http://localhost/HotelRes/users
Stack Trace:
#0 C:\xampp\htdocs\HotelRes\vendor\cakephp\cakephp\src\Error\BaseErrorHandler.php(110): Cake\Error\BaseErrorHandler->handleFatalError(4, 'syntax error, u...', 'C:\\xampp\\htdocs...', 32)
#1 [internal function]: Cake\Error\BaseErrorHandler->Cake\Error\{closure}()
#2 {main}


2018-12-06 12:39:09 Error: [Cake\Controller\Exception\MissingActionException] Action BookingsController::searchbooking() could not be found, or is not accessible.
Exception Attributes: array (
  'controller' => 'BookingsController',
  'action' => 'searchbooking',
  'prefix' => '',
  'plugin' => false,
)
Request URL: /bookings/searchbooking
Stack Trace:
#0 C:\xampp\htdocs\HotelRes\vendor\cakephp\cakephp\src\Http\ActionDispatcher.php(120): Cake\Controller\Controller->invokeAction()
#1 C:\xampp\htdocs\HotelRes\vendor\cakephp\cakephp\src\Http\ActionDispatcher.php(94): Cake\Http\ActionDispatcher->_invoke(Object(App\Controller\BookingsController))
#2 C:\xampp\htdocs\HotelRes\vendor\cakephp\cakephp\src\Http\BaseApplication.php(235): Cake\Http\ActionDispatcher->dispatch(Object(Cake\Http\ServerRequest), Object(Cake\Http\Response))
#3 C:\xampp\htdocs\HotelRes\vendor\cakephp\cakephp\src\Http\Runner.php(65): Cake\Http\BaseApplication->__invoke(Object(Cake\Http\ServerRequest), Object(Cake\Http\Response), Object(Cake\Http\Runner))
#4 C:\xampp\htdocs\HotelRes\vendor\cakephp\cakephp\src\Http\Middleware\CsrfProtectionMiddleware.php(107): Cake\Http\Runner->__invoke(Object(Cake\Http\ServerRequest), Object(Cake\Http\Response))
#5 C:\xampp\htdocs\HotelRes\vendor\cakephp\cakephp\src\Http\Runner.php(65): Cake\Http\Middleware\CsrfProtectionMiddleware->__invoke(Object(Cake\Http\ServerRequest), Object(Cake\Http\Response), Object(Cake\Http\Runner))
#6 C:\xampp\htdocs\HotelRes\vendor\cakephp\cakephp\src\Routing\Middleware\RoutingMiddleware.php(156): Cake\Http\Runner->__invoke(Object(Cake\Http\ServerRequest), Object(Cake\Http\Response))
#7 C:\xampp\htdocs\HotelRes\vendor\cakephp\cakephp\src\Http\Runner.php(65): Cake\Routing\Middleware\RoutingMiddleware->__invoke(Object(Cake\Http\ServerRequest), Object(Cake\Http\Response), Object(Cake\Http\Runner))
#8 C:\xampp\htdocs\HotelRes\vendor\cakephp\cakephp\src\Routing\Middleware\AssetMiddleware.php(88): Cake\Http\Runner->__invoke(Object(Cake\Http\ServerRequest), Object(Cake\Http\Response))
#9 C:\xampp\htdocs\HotelRes\vendor\cakephp\cakephp\src\Http\Runner.php(65): Cake\Routing\Middleware\AssetMiddleware->__invoke(Object(Cake\Http\ServerRequest), Object(Cake\Http\Response), Object(Cake\Http\Runner))
#10 C:\xampp\htdocs\HotelRes\vendor\cakephp\cakephp\src\Error\Middleware\ErrorHandlerMiddleware.php(98): Cake\Http\Runner->__invoke(Object(Cake\Http\ServerRequest), Object(Cake\Http\Response))
#11 C:\xampp\htdocs\HotelRes\vendor\cakephp\cakephp\src\Http\Runner.php(65): Cake\Error\Middleware\ErrorHandlerMiddleware->__invoke(Object(Cake\Http\ServerRequest), Object(Cake\Http\Response), Object(Cake\Http\Runner))
#12 C:\xampp\htdocs\HotelRes\vendor\cakephp\debug_kit\src\Middleware\DebugKitMiddleware.php(53): Cake\Http\Runner->__invoke(Object(Cake\Http\ServerRequest), Object(Cake\Http\Response))
#13 C:\xampp\htdocs\HotelRes\vendor\cakephp\cakephp\src\Http\Runner.php(65): DebugKit\Middleware\DebugKitMiddleware->__invoke(Object(Cake\Http\ServerRequest), Object(Cake\Http\Response), Object(Cake\Http\Runner))
#14 C:\xampp\htdocs\HotelRes\vendor\cakephp\cakephp\src\Http\Runner.php(51): Cake\Http\Runner->__invoke(Object(Cake\Http\ServerRequest), Object(Cake\Http\Response))
#15 C:\xampp\htdocs\HotelRes\vendor\cakephp\cakephp\src\Http\Server.php(98): Cake\Http\Runner->run(Object(Cake\Http\MiddlewareQueue), Object(Cake\Http\ServerRequest), Object(Cake\Http\Response))
#16 C:\xampp\htdocs\HotelRes\webroot\index.php(40): Cake\Http\Server->run()
#17 {main}


2018-12-06 12:39:40 Error: Fatal Error (4): syntax error, unexpected '$users' (T_VARIABLE) in [C:\xampp\htdocs\HotelRes\src\Template\Bookings\searchbooking.ctp, line 28]
Request URL: /bookings/searchbooking
Trace:
Cake\Error\BaseErrorHandler::handleFatalError() - CORE\src\Error\BaseErrorHandler.php, line 229
Cake\Error\BaseErrorHandler::Cake\Error\{closure}() - CORE\src\Error\BaseErrorHandler.php, line 110
[main] - [internal], line ??



2018-12-06 12:39:40 Error: [Cake\Error\FatalErrorException] syntax error, unexpected '$users' (T_VARIABLE) in C:\xampp\htdocs\HotelRes\src\Template\Bookings\searchbooking.ctp on line 28
Request URL: /bookings/searchbooking
Stack Trace:
#0 C:\xampp\htdocs\HotelRes\vendor\cakephp\cakephp\src\Error\BaseErrorHandler.php(110): Cake\Error\BaseErrorHandler->handleFatalError(4, 'syntax error, u...', 'C:\\xampp\\htdocs...', 28)
#1 [internal function]: Cake\Error\BaseErrorHandler->Cake\Error\{closure}()
#2 {main}


2018-12-06 12:39:59 Error: Fatal Error (4): syntax error, unexpected '}' in [C:\xampp\htdocs\HotelRes\src\Template\Bookings\searchbooking.ctp, line 39]
Request URL: /bookings/searchbooking
Trace:
Cake\Error\BaseErrorHandler::handleFatalError() - CORE\src\Error\BaseErrorHandler.php, line 229
Cake\Error\BaseErrorHandler::Cake\Error\{closure}() - CORE\src\Error\BaseErrorHandler.php, line 110
[main] - [internal], line ??



2018-12-06 12:39:59 Error: [Cake\Error\FatalErrorException] syntax error, unexpected '}' in C:\xampp\htdocs\HotelRes\src\Template\Bookings\searchbooking.ctp on line 39
Request URL: /bookings/searchbooking
Stack Trace:
#0 C:\xampp\htdocs\HotelRes\vendor\cakephp\cakephp\src\Error\BaseErrorHandler.php(110): Cake\Error\BaseErrorHandler->handleFatalError(4, 'syntax error, u...', 'C:\\xampp\\htdocs...', 39)
#1 [internal function]: Cake\Error\BaseErrorHandler->Cake\Error\{closure}()
#2 {main}


2018-12-06 12:40:20 Error: Fatal Error (4): syntax error, unexpected '}' in [C:\xampp\htdocs\HotelRes\src\Template\Bookings\searchbooking.ctp, line 39]
Request URL: /bookings/searchbooking
Trace:
Cake\Error\BaseErrorHandler::handleFatalError() - CORE\src\Error\BaseErrorHandler.php, line 229
Cake\Error\BaseErrorHandler::Cake\Error\{closure}() - CORE\src\Error\BaseErrorHandler.php, line 110
[main] - [internal], line ??



2018-12-06 12:40:20 Error: [Cake\Error\FatalErrorException] syntax error, unexpected '}' in C:\xampp\htdocs\HotelRes\src\Template\Bookings\searchbooking.ctp on line 39
Request URL: /bookings/searchbooking
Stack Trace:
#0 C:\xampp\htdocs\HotelRes\vendor\cakephp\cakephp\src\Error\BaseErrorHandler.php(110): Cake\Error\BaseErrorHandler->handleFatalError(4, 'syntax error, u...', 'C:\\xampp\\htdocs...', 39)
#1 [internal function]: Cake\Error\BaseErrorHandler->Cake\Error\{closure}()
#2 {main}


2018-12-06 12:40:30 Warning: Warning (2): Invalid argument supplied for foreach() in [C:\xampp\htdocs\HotelRes\src\Template\Bookings\searchbooking.ctp, line 28]
Request URL: /bookings/searchbooking
Trace:
Cake\Error\BaseErrorHandler::handleError() - CORE\src\Error\BaseErrorHandler.php, line 159
Cake\Core\BasePlugin::{closure}() - ROOT\vendor\cakephp\debug_kit\config\bootstrap.php, line 41
include - APP/Template\Bookings\searchbooking.ctp, line 28
Cake\View\View::_evaluate() - CORE\src\View\View.php, line 1240
Cake\View\View::_render() - CORE\src\View\View.php, line 1201
Cake\View\View::render() - CORE\src\View\View.php, line 803
Cake\Controller\Controller::render() - CORE\src\Controller\Controller.php, line 777
Cake\Http\ActionDispatcher::_invoke() - CORE\src\Http\ActionDispatcher.php, line 126
Cake\Http\ActionDispatcher::dispatch() - CORE\src\Http\ActionDispatcher.php, line 94
Cake\Http\BaseApplication::__invoke() - CORE\src\Http\BaseApplication.php, line 235
Cake\Http\Runner::__invoke() - CORE\src\Http\Runner.php, line 65
Cake\Http\Middleware\CsrfProtectionMiddleware::__invoke() - CORE\src\Http\Middleware\CsrfProtectionMiddleware.php, line 107
Cake\Http\Runner::__invoke() - CORE\src\Http\Runner.php, line 65
Cake\Routing\Middleware\RoutingMiddleware::__invoke() - CORE\src\Routing\Middleware\RoutingMiddleware.php, line 156
Cake\Http\Runner::__invoke() - CORE\src\Http\Runner.php, line 65
Cake\Routing\Middleware\AssetMiddleware::__invoke() - CORE\src\Routing\Middleware\AssetMiddleware.php, line 88
Cake\Http\Runner::__invoke() - CORE\src\Http\Runner.php, line 65
Cake\Error\Middleware\ErrorHandlerMiddleware::__invoke() - CORE\src\Error\Middleware\ErrorHandlerMiddleware.php, line 98
Cake\Http\Runner::__invoke() - CORE\src\Http\Runner.php, line 65
DebugKit\Middleware\DebugKitMiddleware::__invoke() - ROOT\vendor\cakephp\debug_kit\src\Middleware\DebugKitMiddleware.php, line 53
Cake\Http\Runner::__invoke() - CORE\src\Http\Runner.php, line 65
Cake\Http\Runner::run() - CORE\src\Http\Runner.php, line 51
Cake\Http\Server::run() - CORE\src\Http\Server.php, line 98
[main] - ROOT\webroot\index.php, line 40



2018-12-06 12:40:45 Error: Fatal Error (1): Call to a member function find() on boolean in [C:\xampp\htdocs\HotelRes\src\Controller\BookingsController.php, line 115]
Request URL: /bookings/searchbooking
Referer URL: http://localhost/HotelRes/bookings/searchbooking
Trace:
Cake\Error\BaseErrorHandler::handleFatalError() - CORE\src\Error\BaseErrorHandler.php, line 229
Cake\Error\BaseErrorHandler::Cake\Error\{closure}() - CORE\src\Error\BaseErrorHandler.php, line 110
[main] - [internal], line ??



2018-12-06 12:40:45 Error: [Cake\Error\FatalErrorException] Call to a member function find() on boolean in C:\xampp\htdocs\HotelRes\src\Controller\BookingsController.php on line 115
Request URL: /bookings/searchbooking
Referer URL: http://localhost/HotelRes/bookings/searchbooking
Stack Trace:
#0 C:\xampp\htdocs\HotelRes\vendor\cakephp\cakephp\src\Error\BaseErrorHandler.php(110): Cake\Error\BaseErrorHandler->handleFatalError(1, 'Call to a membe...', 'C:\\xampp\\htdocs...', 115)
#1 [internal function]: Cake\Error\BaseErrorHandler->Cake\Error\{closure}()
#2 {main}


2018-12-06 12:44:28 Error: Fatal Error (1): Call to a member function find() on boolean in [C:\xampp\htdocs\HotelRes\src\Controller\BookingsController.php, line 115]
Request URL: /bookings/searchbooking
Referer URL: http://localhost/HotelRes/bookings/searchbooking
Trace:
Cake\Error\BaseErrorHandler::handleFatalError() - CORE\src\Error\BaseErrorHandler.php, line 229
Cake\Error\BaseErrorHandler::Cake\Error\{closure}() - CORE\src\Error\BaseErrorHandler.php, line 110
[main] - [internal], line ??



2018-12-06 12:44:28 Error: [Cake\Error\FatalErrorException] Call to a member function find() on boolean in C:\xampp\htdocs\HotelRes\src\Controller\BookingsController.php on line 115
Request URL: /bookings/searchbooking
Referer URL: http://localhost/HotelRes/bookings/searchbooking
Stack Trace:
#0 C:\xampp\htdocs\HotelRes\vendor\cakephp\cakephp\src\Error\BaseErrorHandler.php(110): Cake\Error\BaseErrorHandler->handleFatalError(1, 'Call to a membe...', 'C:\\xampp\\htdocs...', 115)
#1 [internal function]: Cake\Error\BaseErrorHandler->Cake\Error\{closure}()
#2 {main}


2018-12-06 12:44:50 Error: Fatal Error (1): Call to a member function find() on boolean in [C:\xampp\htdocs\HotelRes\src\Controller\BookingsController.php, line 115]
Request URL: /bookings/searchbooking
Referer URL: http://localhost/HotelRes/bookings/searchbooking
Trace:
Cake\Error\BaseErrorHandler::handleFatalError() - CORE\src\Error\BaseErrorHandler.php, line 229
Cake\Error\BaseErrorHandler::Cake\Error\{closure}() - CORE\src\Error\BaseErrorHandler.php, line 110
[main] - [internal], line ??



2018-12-06 12:44:50 Error: [Cake\Error\FatalErrorException] Call to a member function find() on boolean in C:\xampp\htdocs\HotelRes\src\Controller\BookingsController.php on line 115
Request URL: /bookings/searchbooking
Referer URL: http://localhost/HotelRes/bookings/searchbooking
Stack Trace:
#0 C:\xampp\htdocs\HotelRes\vendor\cakephp\cakephp\src\Error\BaseErrorHandler.php(110): Cake\Error\BaseErrorHandler->handleFatalError(1, 'Call to a membe...', 'C:\\xampp\\htdocs...', 115)
#1 [internal function]: Cake\Error\BaseErrorHandler->Cake\Error\{closure}()
#2 {main}


2018-12-06 12:45:49 Error: Fatal Error (1): Call to a member function find() on boolean in [C:\xampp\htdocs\HotelRes\src\Controller\BookingsController.php, line 115]
Request URL: /bookings/searchbooking
Referer URL: http://localhost/HotelRes/bookings/searchbooking
Trace:
Cake\Error\BaseErrorHandler::handleFatalError() - CORE\src\Error\BaseErrorHandler.php, line 229
Cake\Error\BaseErrorHandler::Cake\Error\{closure}() - CORE\src\Error\BaseErrorHandler.php, line 110
[main] - [internal], line ??



2018-12-06 12:45:49 Error: [Cake\Error\FatalErrorException] Call to a member function find() on boolean in C:\xampp\htdocs\HotelRes\src\Controller\BookingsController.php on line 115
Request URL: /bookings/searchbooking
Referer URL: http://localhost/HotelRes/bookings/searchbooking
Stack Trace:
#0 C:\xampp\htdocs\HotelRes\vendor\cakephp\cakephp\src\Error\BaseErrorHandler.php(110): Cake\Error\BaseErrorHandler->handleFatalError(1, 'Call to a membe...', 'C:\\xampp\\htdocs...', 115)
#1 [internal function]: Cake\Error\BaseErrorHandler->Cake\Error\{closure}()
#2 {main}


2018-12-06 12:51:34 Warning: Warning (2): Invalid argument supplied for foreach() in [C:\xampp\htdocs\HotelRes\src\Template\Bookings\searchbooking.ctp, line 28]
Request URL: /bookings/searchbooking
Trace:
Cake\Error\BaseErrorHandler::handleError() - CORE\src\Error\BaseErrorHandler.php, line 159
Cake\Core\BasePlugin::{closure}() - ROOT\vendor\cakephp\debug_kit\config\bootstrap.php, line 41
include - APP/Template\Bookings\searchbooking.ctp, line 28
Cake\View\View::_evaluate() - CORE\src\View\View.php, line 1240
Cake\View\View::_render() - CORE\src\View\View.php, line 1201
Cake\View\View::render() - CORE\src\View\View.php, line 803
Cake\Controller\Controller::render() - CORE\src\Controller\Controller.php, line 777
Cake\Http\ActionDispatcher::_invoke() - CORE\src\Http\ActionDispatcher.php, line 126
Cake\Http\ActionDispatcher::dispatch() - CORE\src\Http\ActionDispatcher.php, line 94
Cake\Http\BaseApplication::__invoke() - CORE\src\Http\BaseApplication.php, line 235
Cake\Http\Runner::__invoke() - CORE\src\Http\Runner.php, line 65
Cake\Http\Middleware\CsrfProtectionMiddleware::__invoke() - CORE\src\Http\Middleware\CsrfProtectionMiddleware.php, line 107
Cake\Http\Runner::__invoke() - CORE\src\Http\Runner.php, line 65
Cake\Routing\Middleware\RoutingMiddleware::__invoke() - CORE\src\Routing\Middleware\RoutingMiddleware.php, line 156
Cake\Http\Runner::__invoke() - CORE\src\Http\Runner.php, line 65
Cake\Routing\Middleware\AssetMiddleware::__invoke() - CORE\src\Routing\Middleware\AssetMiddleware.php, line 88
Cake\Http\Runner::__invoke() - CORE\src\Http\Runner.php, line 65
Cake\Error\Middleware\ErrorHandlerMiddleware::__invoke() - CORE\src\Error\Middleware\ErrorHandlerMiddleware.php, line 98
Cake\Http\Runner::__invoke() - CORE\src\Http\Runner.php, line 65
DebugKit\Middleware\DebugKitMiddleware::__invoke() - ROOT\vendor\cakephp\debug_kit\src\Middleware\DebugKitMiddleware.php, line 53
Cake\Http\Runner::__invoke() - CORE\src\Http\Runner.php, line 65
Cake\Http\Runner::run() - CORE\src\Http\Runner.php, line 51
Cake\Http\Server::run() - CORE\src\Http\Server.php, line 98
[main] - ROOT\webroot\index.php, line 40



2018-12-06 12:52:30 Warning: Warning (2): Invalid argument supplied for foreach() in [C:\xampp\htdocs\HotelRes\src\Template\Bookings\searchbooking.ctp, line 28]
Request URL: /bookings/searchbooking
Trace:
Cake\Error\BaseErrorHandler::handleError() - CORE\src\Error\BaseErrorHandler.php, line 159
Cake\Core\BasePlugin::{closure}() - ROOT\vendor\cakephp\debug_kit\config\bootstrap.php, line 41
include - APP/Template\Bookings\searchbooking.ctp, line 28
Cake\View\View::_evaluate() - CORE\src\View\View.php, line 1240
Cake\View\View::_render() - CORE\src\View\View.php, line 1201
Cake\View\View::render() - CORE\src\View\View.php, line 803
Cake\Controller\Controller::render() - CORE\src\Controller\Controller.php, line 777
Cake\Http\ActionDispatcher::_invoke() - CORE\src\Http\ActionDispatcher.php, line 126
Cake\Http\ActionDispatcher::dispatch() - CORE\src\Http\ActionDispatcher.php, line 94
Cake\Http\BaseApplication::__invoke() - CORE\src\Http\BaseApplication.php, line 235
Cake\Http\Runner::__invoke() - CORE\src\Http\Runner.php, line 65
Cake\Http\Middleware\CsrfProtectionMiddleware::__invoke() - CORE\src\Http\Middleware\CsrfProtectionMiddleware.php, line 107
Cake\Http\Runner::__invoke() - CORE\src\Http\Runner.php, line 65
Cake\Routing\Middleware\RoutingMiddleware::__invoke() - CORE\src\Routing\Middleware\RoutingMiddleware.php, line 156
Cake\Http\Runner::__invoke() - CORE\src\Http\Runner.php, line 65
Cake\Routing\Middleware\AssetMiddleware::__invoke() - CORE\src\Routing\Middleware\AssetMiddleware.php, line 88
Cake\Http\Runner::__invoke() - CORE\src\Http\Runner.php, line 65
Cake\Error\Middleware\ErrorHandlerMiddleware::__invoke() - CORE\src\Error\Middleware\ErrorHandlerMiddleware.php, line 98
Cake\Http\Runner::__invoke() - CORE\src\Http\Runner.php, line 65
DebugKit\Middleware\DebugKitMiddleware::__invoke() - ROOT\vendor\cakephp\debug_kit\src\Middleware\DebugKitMiddleware.php, line 53
Cake\Http\Runner::__invoke() - CORE\src\Http\Runner.php, line 65
Cake\Http\Runner::run() - CORE\src\Http\Runner.php, line 51
Cake\Http\Server::run() - CORE\src\Http\Server.php, line 98
[main] - ROOT\webroot\index.php, line 40



2018-12-06 12:52:32 Warning: Warning (2): Invalid argument supplied for foreach() in [C:\xampp\htdocs\HotelRes\src\Template\Bookings\searchbooking.ctp, line 28]
Request URL: /bookings/searchbooking
Trace:
Cake\Error\BaseErrorHandler::handleError() - CORE\src\Error\BaseErrorHandler.php, line 159
Cake\Core\BasePlugin::{closure}() - ROOT\vendor\cakephp\debug_kit\config\bootstrap.php, line 41
include - APP/Template\Bookings\searchbooking.ctp, line 28
Cake\View\View::_evaluate() - CORE\src\View\View.php, line 1240
Cake\View\View::_render() - CORE\src\View\View.php, line 1201
Cake\View\View::render() - CORE\src\View\View.php, line 803
Cake\Controller\Controller::render() - CORE\src\Controller\Controller.php, line 777
Cake\Http\ActionDispatcher::_invoke() - CORE\src\Http\ActionDispatcher.php, line 126
Cake\Http\ActionDispatcher::dispatch() - CORE\src\Http\ActionDispatcher.php, line 94
Cake\Http\BaseApplication::__invoke() - CORE\src\Http\BaseApplication.php, line 235
Cake\Http\Runner::__invoke() - CORE\src\Http\Runner.php, line 65
Cake\Http\Middleware\CsrfProtectionMiddleware::__invoke() - CORE\src\Http\Middleware\CsrfProtectionMiddleware.php, line 107
Cake\Http\Runner::__invoke() - CORE\src\Http\Runner.php, line 65
Cake\Routing\Middleware\RoutingMiddleware::__invoke() - CORE\src\Routing\Middleware\RoutingMiddleware.php, line 156
Cake\Http\Runner::__invoke() - CORE\src\Http\Runner.php, line 65
Cake\Routing\Middleware\AssetMiddleware::__invoke() - CORE\src\Routing\Middleware\AssetMiddleware.php, line 88
Cake\Http\Runner::__invoke() - CORE\src\Http\Runner.php, line 65
Cake\Error\Middleware\ErrorHandlerMiddleware::__invoke() - CORE\src\Error\Middleware\ErrorHandlerMiddleware.php, line 98
Cake\Http\Runner::__invoke() - CORE\src\Http\Runner.php, line 65
DebugKit\Middleware\DebugKitMiddleware::__invoke() - ROOT\vendor\cakephp\debug_kit\src\Middleware\DebugKitMiddleware.php, line 53
Cake\Http\Runner::__invoke() - CORE\src\Http\Runner.php, line 65
Cake\Http\Runner::run() - CORE\src\Http\Runner.php, line 51
Cake\Http\Server::run() - CORE\src\Http\Server.php, line 98
[main] - ROOT\webroot\index.php, line 40



